12:41:49:488 [ALWAYS]	GUDE Logging Started
12:41:49:488 [INFO]	SqliteResumeCache::SqliteResumeCache basedirectory is null/empty
12:41:49:488 [ERROR]	SqliteResumeCache::CreateSqliteResumeCache creating resume cache pointer failure
12:41:49:488 [ERROR]	Initialize resume cache pointer failure
12:41:49:489 [INFO]	gude policy POLICY_USER limit (2,2,1) chunk 2097152, chunking (UL 0 DL 1), resXfer 1, adapt 0, NSURL 0, timeout 86400 
12:41:49:489 [INFO]	Initialized -- gude-lib version: v0.12.1 app: gude
12:41:53:556 [WARN]	Ignoring attempt to reinit logging to \gude at level 4 retaining 3 days of logs
12:41:53:556 [INFO]	SqliteResumeCache::SqliteResumeCache basedirectory is null/empty
12:41:53:556 [ERROR]	SqliteResumeCache::CreateSqliteResumeCache creating resume cache pointer failure
12:41:53:556 [ERROR]	Initialize resume cache pointer failure
12:41:53:556 [INFO]	gude policy POLICY_USER limit (4,4,1) chunk 2097152, chunking (UL 0 DL 1), resXfer 1, adapt 0, NSURL 1, timeout 86400 
12:41:53:556 [INFO]	Initialized -- gude-lib version: v0.12.1 app: gude
12:45:21:895 [ALWAYS]	GUDE Logging Started
12:45:21:895 [INFO]	SqliteResumeCache::SqliteResumeCache basedirectory is null/empty
12:45:21:895 [ERROR]	SqliteResumeCache::CreateSqliteResumeCache creating resume cache pointer failure
12:45:21:895 [ERROR]	Initialize resume cache pointer failure
12:45:21:895 [INFO]	gude policy POLICY_USER limit (2,2,1) chunk 2097152, chunking (UL 0 DL 1), resXfer 1, adapt 0, NSURL 0, timeout 86400 
12:45:21:895 [INFO]	Initialized -- gude-lib version: v0.12.1 app: gude
12:45:26:044 [WARN]	Ignoring attempt to reinit logging to \gude at level 4 retaining 3 days of logs
12:45:26:044 [INFO]	SqliteResumeCache::SqliteResumeCache basedirectory is null/empty
12:45:26:044 [ERROR]	SqliteResumeCache::CreateSqliteResumeCache creating resume cache pointer failure
12:45:26:044 [ERROR]	Initialize resume cache pointer failure
12:45:26:044 [INFO]	gude policy POLICY_USER limit (4,4,1) chunk 2097152, chunking (UL 0 DL 1), resXfer 1, adapt 0, NSURL 1, timeout 86400 
12:45:26:044 [INFO]	Initialized -- gude-lib version: v0.12.1 app: gude
